{"/Users/mheinz/repositories/browser-interaction-time/src/browser-interaction-time.ts": {"path":"/Users/mheinz/repositories/browser-interaction-time/src/browser-interaction-time.ts","statementMap":{"0":{"start":{"line":39,"column":0},"end":{"line":233,"column":0}},"1":{"start":{"line":55,"column":4},"end":{"line":55,"column":33}},"2":{"start":{"line":56,"column":4},"end":{"line":56,"column":33}},"3":{"start":{"line":57,"column":4},"end":{"line":57,"column":28}},"4":{"start":{"line":58,"column":4},"end":{"line":58,"column":21}},"5":{"start":{"line":59,"column":4},"end":{"line":59,"column":23}},"6":{"start":{"line":60,"column":4},"end":{"line":60,"column":17}},"7":{"start":{"line":54,"column":2},"end":{"line":76,"column":2}},"8":{"start":{"line":78,"column":10},"end":{"line":84,"column":3}},"9":{"start":{"line":80,"column":4},"end":{"line":82,"column":5}},"10":{"start":{"line":81,"column":6},"end":{"line":81,"column":22}},"11":{"start":{"line":83,"column":4},"end":{"line":83,"column":46}},"12":{"start":{"line":83,"column":41},"end":{"line":83,"column":45}},"13":{"start":{"line":86,"column":10},"end":{"line":92,"column":3}},"14":{"start":{"line":88,"column":4},"end":{"line":90,"column":5}},"15":{"start":{"line":89,"column":6},"end":{"line":89,"column":23}},"16":{"start":{"line":91,"column":4},"end":{"line":91,"column":48}},"17":{"start":{"line":91,"column":43},"end":{"line":91,"column":47}},"18":{"start":{"line":94,"column":10},"end":{"line":111,"column":3}},"19":{"start":{"line":96,"column":4},"end":{"line":103,"column":6}},"20":{"start":{"line":97,"column":9},"end":{"line":97,"column":17}},"21":{"start":{"line":97,"column":19},"end":{"line":97,"column":26}},"22":{"start":{"line":97,"column":28},"end":{"line":97,"column":46}},"23":{"start":{"line":98,"column":8},"end":{"line":101,"column":9}},"24":{"start":{"line":99,"column":10},"end":{"line":99,"column":20}},"25":{"start":{"line":100,"column":10},"end":{"line":100,"column":66}},"26":{"start":{"line":105,"column":4},"end":{"line":110,"column":6}},"27":{"start":{"line":105,"column":50},"end":{"line":105,"column":58}},"28":{"start":{"line":105,"column":60},"end":{"line":105,"column":78}},"29":{"start":{"line":105,"column":80},"end":{"line":105,"column":90}},"30":{"start":{"line":106,"column":6},"end":{"line":109,"column":7}},"31":{"start":{"line":107,"column":8},"end":{"line":107,"column":18}},"32":{"start":{"line":108,"column":8},"end":{"line":108,"column":101}},"33":{"start":{"line":113,"column":10},"end":{"line":116,"column":3}},"34":{"start":{"line":114,"column":4},"end":{"line":114,"column":21}},"35":{"start":{"line":115,"column":4},"end":{"line":115,"column":30}},"36":{"start":{"line":118,"column":10},"end":{"line":124,"column":3}},"37":{"start":{"line":119,"column":4},"end":{"line":123,"column":5}},"38":{"start":{"line":120,"column":6},"end":{"line":120,"column":32}},"39":{"start":{"line":122,"column":6},"end":{"line":122,"column":35}},"40":{"start":{"line":126,"column":10},"end":{"line":139,"column":3}},"41":{"start":{"line":127,"column":4},"end":{"line":131,"column":5}},"42":{"start":{"line":133,"column":4},"end":{"line":133,"column":66}},"43":{"start":{"line":134,"column":4},"end":{"line":134,"column":70}},"44":{"start":{"line":135,"column":4},"end":{"line":135,"column":67}},"45":{"start":{"line":136,"column":4},"end":{"line":136,"column":70}},"46":{"start":{"line":137,"column":4},"end":{"line":137,"column":66}},"47":{"start":{"line":138,"column":4},"end":{"line":138,"column":71}},"48":{"start":{"line":141,"column":10},"end":{"line":154,"column":3}},"49":{"start":{"line":142,"column":4},"end":{"line":146,"column":5}},"50":{"start":{"line":148,"column":4},"end":{"line":148,"column":69}},"51":{"start":{"line":149,"column":4},"end":{"line":149,"column":73}},"52":{"start":{"line":150,"column":4},"end":{"line":150,"column":70}},"53":{"start":{"line":151,"column":4},"end":{"line":151,"column":73}},"54":{"start":{"line":152,"column":4},"end":{"line":152,"column":69}},"55":{"start":{"line":153,"column":4},"end":{"line":153,"column":74}},"56":{"start":{"line":156,"column":10},"end":{"line":160,"column":3}},"57":{"start":{"line":157,"column":4},"end":{"line":159,"column":37}},"58":{"start":{"line":158,"column":6},"end":{"line":158,"column":25}},"59":{"start":{"line":162,"column":9},"end":{"line":172,"column":3}},"60":{"start":{"line":163,"column":17},"end":{"line":163,"column":50}},"61":{"start":{"line":164,"column":4},"end":{"line":166,"column":5}},"62":{"start":{"line":165,"column":6},"end":{"line":165,"column":12}},"63":{"start":{"line":167,"column":4},"end":{"line":170,"column":6}},"64":{"start":{"line":171,"column":4},"end":{"line":171,"column":23}},"65":{"start":{"line":174,"column":9},"end":{"line":180,"column":3}},"66":{"start":{"line":175,"column":4},"end":{"line":177,"column":5}},"67":{"start":{"line":176,"column":6},"end":{"line":176,"column":12}},"68":{"start":{"line":178,"column":4},"end":{"line":178,"column":55}},"69":{"start":{"line":179,"column":4},"end":{"line":179,"column":24}},"70":{"start":{"line":182,"column":9},"end":{"line":186,"column":3}},"71":{"start":{"line":185,"column":4},"end":{"line":185,"column":73}},"72":{"start":{"line":188,"column":9},"end":{"line":192,"column":3}},"73":{"start":{"line":191,"column":4},"end":{"line":191,"column":73}},"74":{"start":{"line":194,"column":9},"end":{"line":198,"column":3}},"75":{"start":{"line":197,"column":4},"end":{"line":197,"column":49}},"76":{"start":{"line":200,"column":9},"end":{"line":204,"column":3}},"77":{"start":{"line":203,"column":4},"end":{"line":203,"column":53}},"78":{"start":{"line":206,"column":9},"end":{"line":217,"column":3}},"79":{"start":{"line":207,"column":4},"end":{"line":215,"column":9}},"80":{"start":{"line":208,"column":6},"end":{"line":213,"column":7}},"81":{"start":{"line":209,"column":8},"end":{"line":212,"column":9}},"82":{"start":{"line":214,"column":6},"end":{"line":214,"column":16}},"83":{"start":{"line":216,"column":4},"end":{"line":216,"column":12}},"84":{"start":{"line":219,"column":9},"end":{"line":221,"column":3}},"85":{"start":{"line":220,"column":4},"end":{"line":220,"column":25}},"86":{"start":{"line":223,"column":9},"end":{"line":225,"column":3}},"87":{"start":{"line":224,"column":4},"end":{"line":224,"column":19}},"88":{"start":{"line":227,"column":9},"end":{"line":232,"column":3}},"89":{"start":{"line":228,"column":4},"end":{"line":228,"column":35}},"90":{"start":{"line":229,"column":4},"end":{"line":231,"column":5}},"91":{"start":{"line":230,"column":6},"end":{"line":230,"column":61}},"92":{"start":{"line":62,"column":4},"end":{"line":62,"column":50}},"93":{"start":{"line":63,"column":4},"end":{"line":63,"column":46}},"94":{"start":{"line":64,"column":4},"end":{"line":64,"column":19}},"95":{"start":{"line":65,"column":4},"end":{"line":65,"column":21}},"96":{"start":{"line":66,"column":4},"end":{"line":66,"column":30}},"97":{"start":{"line":67,"column":4},"end":{"line":67,"column":67}},"98":{"start":{"line":68,"column":4},"end":{"line":68,"column":47}},"99":{"start":{"line":69,"column":4},"end":{"line":69,"column":24}},"100":{"start":{"line":70,"column":4},"end":{"line":70,"column":70}},"101":{"start":{"line":71,"column":4},"end":{"line":71,"column":70}},"102":{"start":{"line":72,"column":4},"end":{"line":72,"column":24}},"103":{"start":{"line":73,"column":4},"end":{"line":73,"column":33}},"104":{"start":{"line":74,"column":4},"end":{"line":74,"column":21}},"105":{"start":{"line":75,"column":4},"end":{"line":75,"column":35}},"106":{"start":{"line":233,"column":0},"end":{"line":233,"column":1}}},"fnMap":{"0":{"name":"(anonymous_0)","decl":{"start":{"line":39,"column":0},"end":{"line":null,"column":-1}},"loc":{"start":{"line":39,"column":0},"end":{"line":39,"column":-1}}},"1":{"name":"BrowserInteractionTime","decl":{"start":{"line":54,"column":2},"end":{"line":54,"column":13}},"loc":{"start":{"line":61,"column":29},"end":{"line":76,"column":3}}},"2":{"name":"(anonymous_2)","decl":{"start":{"line":78,"column":32},"end":{"line":null,"column":-1}},"loc":{"start":{"line":78,"column":32},"end":{"line":84,"column":3}}},"3":{"name":"(anonymous_3)","decl":{"start":{"line":83,"column":35},"end":{"line":83,"column":34}},"loc":{"start":{"line":83,"column":37},"end":{"line":83,"column":45}}},"4":{"name":"(anonymous_4)","decl":{"start":{"line":86,"column":35},"end":{"line":null,"column":-1}},"loc":{"start":{"line":86,"column":35},"end":{"line":92,"column":3}}},"5":{"name":"(anonymous_5)","decl":{"start":{"line":91,"column":37},"end":{"line":91,"column":36}},"loc":{"start":{"line":91,"column":39},"end":{"line":91,"column":47}}},"6":{"name":"(anonymous_6)","decl":{"start":{"line":94,"column":25},"end":{"line":null,"column":-1}},"loc":{"start":{"line":94,"column":25},"end":{"line":111,"column":3}}},"7":{"name":"(anonymous_7)","decl":{"start":{"line":97,"column":6},"end":{"line":97,"column":6}},"loc":{"start":{"line":97,"column":55},"end":{"line":102,"column":7}}},"8":{"name":"(anonymous_8)","decl":{"start":{"line":105,"column":47},"end":{"line":105,"column":47}},"loc":{"start":{"line":105,"column":98},"end":{"line":110,"column":5}}},"9":{"name":"(anonymous_9)","decl":{"start":{"line":113,"column":31},"end":{"line":null,"column":-1}},"loc":{"start":{"line":113,"column":31},"end":{"line":116,"column":3}}},"10":{"name":"(anonymous_10)","decl":{"start":{"line":118,"column":36},"end":{"line":null,"column":-1}},"loc":{"start":{"line":118,"column":36},"end":{"line":124,"column":3}}},"11":{"name":"(anonymous_11)","decl":{"start":{"line":126,"column":35},"end":{"line":null,"column":-1}},"loc":{"start":{"line":126,"column":35},"end":{"line":139,"column":3}}},"12":{"name":"(anonymous_12)","decl":{"start":{"line":141,"column":37},"end":{"line":null,"column":-1}},"loc":{"start":{"line":141,"column":37},"end":{"line":154,"column":3}}},"13":{"name":"(anonymous_13)","decl":{"start":{"line":156,"column":37},"end":{"line":null,"column":-1}},"loc":{"start":{"line":156,"column":37},"end":{"line":160,"column":3}}},"14":{"name":"(anonymous_14)","decl":{"start":{"line":157,"column":59},"end":{"line":null,"column":-1}},"loc":{"start":{"line":157,"column":59},"end":{"line":159,"column":5}}},"15":{"name":"(anonymous_15)","decl":{"start":{"line":162,"column":22},"end":{"line":null,"column":-1}},"loc":{"start":{"line":162,"column":22},"end":{"line":172,"column":3}}},"16":{"name":"(anonymous_16)","decl":{"start":{"line":174,"column":21},"end":{"line":null,"column":-1}},"loc":{"start":{"line":174,"column":21},"end":{"line":180,"column":3}}},"17":{"name":"(anonymous_17)","decl":{"start":{"line":182,"column":43},"end":{"line":183,"column":3}},"loc":{"start":{"line":183,"column":62},"end":{"line":186,"column":3}}},"18":{"name":"(anonymous_18)","decl":{"start":{"line":188,"column":43},"end":{"line":189,"column":3}},"loc":{"start":{"line":189,"column":62},"end":{"line":192,"column":3}}},"19":{"name":"(anonymous_19)","decl":{"start":{"line":194,"column":31},"end":{"line":195,"column":3}},"loc":{"start":{"line":195,"column":35},"end":{"line":198,"column":3}}},"20":{"name":"(anonymous_20)","decl":{"start":{"line":200,"column":33},"end":{"line":201,"column":3}},"loc":{"start":{"line":201,"column":37},"end":{"line":204,"column":3}}},"21":{"name":"(anonymous_21)","decl":{"start":{"line":206,"column":33},"end":{"line":null,"column":-1}},"loc":{"start":{"line":206,"column":33},"end":{"line":217,"column":3}}},"22":{"name":"(anonymous_22)","decl":{"start":{"line":207,"column":29},"end":{"line":207,"column":29}},"loc":{"start":{"line":207,"column":42},"end":{"line":215,"column":5}}},"23":{"name":"(anonymous_23)","decl":{"start":{"line":219,"column":21},"end":{"line":null,"column":-1}},"loc":{"start":{"line":219,"column":21},"end":{"line":221,"column":3}}},"24":{"name":"(anonymous_24)","decl":{"start":{"line":223,"column":21},"end":{"line":null,"column":-1}},"loc":{"start":{"line":223,"column":21},"end":{"line":225,"column":3}}},"25":{"name":"(anonymous_25)","decl":{"start":{"line":227,"column":19},"end":{"line":null,"column":-1}},"loc":{"start":{"line":227,"column":19},"end":{"line":232,"column":3}}}},"branchMap":{"0":{"loc":{"start":{"line":80,"column":4},"end":{"line":82,"column":5}},"type":"if","locations":[{"start":{"line":80,"column":4},"end":{"line":82,"column":5}},{"start":{"line":80,"column":4},"end":{"line":82,"column":5}}]},"1":{"loc":{"start":{"line":88,"column":4},"end":{"line":90,"column":5}},"type":"if","locations":[{"start":{"line":88,"column":4},"end":{"line":90,"column":5}},{"start":{"line":88,"column":4},"end":{"line":90,"column":5}}]},"2":{"loc":{"start":{"line":98,"column":8},"end":{"line":101,"column":9}},"type":"if","locations":[{"start":{"line":98,"column":8},"end":{"line":101,"column":9}},{"start":{"line":98,"column":8},"end":{"line":101,"column":9}}]},"3":{"loc":{"start":{"line":98,"column":12},"end":{"line":98,"column":19}},"type":"binary-expr","locations":[{"start":{"line":98,"column":12},"end":{"line":98,"column":19}},{"start":{"line":98,"column":23},"end":{"line":98,"column":73}}]},"4":{"loc":{"start":{"line":106,"column":6},"end":{"line":109,"column":7}},"type":"if","locations":[{"start":{"line":106,"column":6},"end":{"line":109,"column":7}},{"start":{"line":106,"column":6},"end":{"line":109,"column":7}}]},"5":{"loc":{"start":{"line":119,"column":4},"end":{"line":123,"column":5}},"type":"if","locations":[{"start":{"line":119,"column":4},"end":{"line":123,"column":5}},{"start":{"line":119,"column":4},"end":{"line":123,"column":5}}]},"6":{"loc":{"start":{"line":164,"column":4},"end":{"line":166,"column":5}},"type":"if","locations":[{"start":{"line":164,"column":4},"end":{"line":166,"column":5}},{"start":{"line":164,"column":4},"end":{"line":166,"column":5}}]},"7":{"loc":{"start":{"line":164,"column":8},"end":{"line":164,"column":12}},"type":"binary-expr","locations":[{"start":{"line":164,"column":8},"end":{"line":164,"column":12}},{"start":{"line":164,"column":16},"end":{"line":164,"column":26}},{"start":{"line":164,"column":30},"end":{"line":164,"column":53}}]},"8":{"loc":{"start":{"line":175,"column":4},"end":{"line":177,"column":5}},"type":"if","locations":[{"start":{"line":175,"column":4},"end":{"line":177,"column":5}},{"start":{"line":175,"column":4},"end":{"line":177,"column":5}}]},"9":{"loc":{"start":{"line":208,"column":6},"end":{"line":213,"column":7}},"type":"if","locations":[{"start":{"line":208,"column":6},"end":{"line":213,"column":7}},{"start":{"line":208,"column":6},"end":{"line":213,"column":7}}]},"10":{"loc":{"start":{"line":208,"column":10},"end":{"line":208,"column":22}},"type":"binary-expr","locations":[{"start":{"line":208,"column":10},"end":{"line":208,"column":22}},{"start":{"line":208,"column":26},"end":{"line":208,"column":39}}]},"11":{"loc":{"start":{"line":229,"column":4},"end":{"line":231,"column":5}},"type":"if","locations":[{"start":{"line":229,"column":4},"end":{"line":231,"column":5}},{"start":{"line":229,"column":4},"end":{"line":231,"column":5}}]},"12":{"loc":{"start":{"line":67,"column":36},"end":{"line":67,"column":60}},"type":"binary-expr","locations":[{"start":{"line":67,"column":36},"end":{"line":67,"column":60}},{"start":{"line":67,"column":64},"end":{"line":67,"column":67}}]},"13":{"loc":{"start":{"line":68,"column":25},"end":{"line":68,"column":38}},"type":"binary-expr","locations":[{"start":{"line":68,"column":25},"end":{"line":68,"column":38}},{"start":{"line":68,"column":42},"end":{"line":68,"column":47}}]}},"s":{"0":1,"1":3,"2":3,"3":3,"4":3,"5":3,"6":3,"7":3,"8":3,"9":0,"10":0,"11":0,"12":0,"13":3,"14":0,"15":0,"16":0,"17":0,"18":3,"19":0,"20":0,"21":0,"22":0,"23":0,"24":0,"25":0,"26":0,"27":0,"28":0,"29":0,"30":0,"31":0,"32":0,"33":3,"34":0,"35":0,"36":3,"37":0,"38":0,"39":0,"40":3,"41":3,"42":3,"43":3,"44":3,"45":3,"46":3,"47":3,"48":3,"49":0,"50":0,"51":0,"52":0,"53":0,"54":0,"55":0,"56":3,"57":3,"58":0,"59":3,"60":3,"61":3,"62":0,"63":3,"64":3,"65":3,"66":0,"67":0,"68":0,"69":0,"70":3,"71":0,"72":3,"73":0,"74":3,"75":0,"76":3,"77":0,"78":3,"79":0,"80":0,"81":0,"82":0,"83":0,"84":3,"85":0,"86":3,"87":0,"88":3,"89":0,"90":0,"91":0,"92":3,"93":3,"94":3,"95":3,"96":3,"97":3,"98":3,"99":3,"100":3,"101":3,"102":3,"103":3,"104":3,"105":3,"106":1},"f":{"0":1,"1":3,"2":0,"3":0,"4":0,"5":0,"6":0,"7":0,"8":0,"9":0,"10":0,"11":3,"12":0,"13":3,"14":0,"15":3,"16":0,"17":0,"18":0,"19":0,"20":0,"21":0,"22":0,"23":0,"24":0,"25":0},"b":{"0":[0,0],"1":[0,0],"2":[0,0],"3":[0,0],"4":[0,0],"5":[0,0],"6":[0,3],"7":[3,0,0],"8":[0,0],"9":[0,0],"10":[0,0],"11":[0,0],"12":[3,0],"13":[3,0]}}
}
