TN:
SF:/Users/mheinz/repositories/browser-interaction-time/src/browser-interaction-time.ts
FN:39,(anonymous_0)
FN:54,BrowserInteractionTime
FN:78,(anonymous_2)
FN:83,(anonymous_3)
FN:86,(anonymous_4)
FN:91,(anonymous_5)
FN:94,(anonymous_6)
FN:97,(anonymous_7)
FN:105,(anonymous_8)
FN:113,(anonymous_9)
FN:118,(anonymous_10)
FN:126,(anonymous_11)
FN:141,(anonymous_12)
FN:156,(anonymous_13)
FN:157,(anonymous_14)
FN:162,(anonymous_15)
FN:174,(anonymous_16)
FN:182,(anonymous_17)
FN:188,(anonymous_18)
FN:194,(anonymous_19)
FN:200,(anonymous_20)
FN:206,(anonymous_21)
FN:207,(anonymous_22)
FN:219,(anonymous_23)
FN:223,(anonymous_24)
FN:227,(anonymous_25)
FNF:26
FNH:5
FNDA:1,(anonymous_0)
FNDA:3,BrowserInteractionTime
FNDA:0,(anonymous_2)
FNDA:0,(anonymous_3)
FNDA:0,(anonymous_4)
FNDA:0,(anonymous_5)
FNDA:0,(anonymous_6)
FNDA:0,(anonymous_7)
FNDA:0,(anonymous_8)
FNDA:0,(anonymous_9)
FNDA:0,(anonymous_10)
FNDA:3,(anonymous_11)
FNDA:0,(anonymous_12)
FNDA:3,(anonymous_13)
FNDA:0,(anonymous_14)
FNDA:3,(anonymous_15)
FNDA:0,(anonymous_16)
FNDA:0,(anonymous_17)
FNDA:0,(anonymous_18)
FNDA:0,(anonymous_19)
FNDA:0,(anonymous_20)
FNDA:0,(anonymous_21)
FNDA:0,(anonymous_22)
FNDA:0,(anonymous_23)
FNDA:0,(anonymous_24)
FNDA:0,(anonymous_25)
DA:39,1
DA:54,3
DA:55,3
DA:56,3
DA:57,3
DA:58,3
DA:59,3
DA:60,3
DA:62,3
DA:63,3
DA:64,3
DA:65,3
DA:66,3
DA:67,3
DA:68,3
DA:69,3
DA:70,3
DA:71,3
DA:72,3
DA:73,3
DA:74,3
DA:75,3
DA:78,3
DA:80,0
DA:81,0
DA:83,0
DA:86,3
DA:88,0
DA:89,0
DA:91,0
DA:94,3
DA:96,0
DA:97,0
DA:98,0
DA:99,0
DA:100,0
DA:105,0
DA:106,0
DA:107,0
DA:108,0
DA:113,3
DA:114,0
DA:115,0
DA:118,3
DA:119,0
DA:120,0
DA:122,0
DA:126,3
DA:127,3
DA:133,3
DA:134,3
DA:135,3
DA:136,3
DA:137,3
DA:138,3
DA:141,3
DA:142,0
DA:148,0
DA:149,0
DA:150,0
DA:151,0
DA:152,0
DA:153,0
DA:156,3
DA:157,3
DA:158,0
DA:162,3
DA:163,3
DA:164,3
DA:165,0
DA:167,3
DA:171,3
DA:174,3
DA:175,0
DA:176,0
DA:178,0
DA:179,0
DA:182,3
DA:185,0
DA:188,3
DA:191,0
DA:194,3
DA:197,0
DA:200,3
DA:203,0
DA:206,3
DA:207,0
DA:208,0
DA:209,0
DA:214,0
DA:216,0
DA:219,3
DA:220,0
DA:223,3
DA:224,0
DA:227,3
DA:228,0
DA:229,0
DA:230,0
DA:233,1
LF:100
LH:53
BRDA:80,0,0,0
BRDA:80,0,1,0
BRDA:88,1,0,0
BRDA:88,1,1,0
BRDA:98,2,0,0
BRDA:98,2,1,0
BRDA:98,3,0,0
BRDA:98,3,1,0
BRDA:106,4,0,0
BRDA:106,4,1,0
BRDA:119,5,0,0
BRDA:119,5,1,0
BRDA:164,6,0,0
BRDA:164,6,1,3
BRDA:164,7,0,3
BRDA:164,7,1,0
BRDA:164,7,2,0
BRDA:175,8,0,0
BRDA:175,8,1,0
BRDA:208,9,0,0
BRDA:208,9,1,0
BRDA:208,10,0,0
BRDA:208,10,1,0
BRDA:229,11,0,0
BRDA:229,11,1,0
BRDA:67,12,0,3
BRDA:67,12,1,0
BRDA:68,13,0,3
BRDA:68,13,1,0
BRF:29
BRH:4
end_of_record
